<?xml version="1.0" encoding="UTF-8"?>
<testng-results skipped="0" failed="0" total="2" passed="2">
  <reporter-output>
    <line>
      <![CDATA[test sucessful]]>
    </line>
    <line>
      <![CDATA[hellooooooo]]>
    </line>
  </reporter-output>
  <suite name="Suite1" duration-ms="56831" started-at="2014-08-27T12:15:59Z" finished-at="2014-08-27T12:16:56Z">
    <groups>
    </groups>
    <test name="test1" duration-ms="56831" started-at="2014-08-27T12:15:59Z" finished-at="2014-08-27T12:16:56Z">
      <class name="tests.NewTest1">
        <test-method status="PASS" signature="f()[pri:0, instance:tests.NewTest1@1f378c8]" name="f" duration-ms="28854" started-at="2014-08-27T17:45:59Z" finished-at="2014-08-27T17:46:28Z">
          <reporter-output>
            <line>
              <![CDATA[test sucessful]]>
            </line>
          </reporter-output>
        </test-method> <!-- f -->
      </class> <!-- tests.NewTest1 -->
      <class name="tests.NewTest2">
        <test-method status="PASS" signature="f()[pri:0, instance:tests.NewTest2@87cbde]" name="f" duration-ms="27946" started-at="2014-08-27T17:46:28Z" finished-at="2014-08-27T17:46:56Z">
          <reporter-output>
            <line>
              <![CDATA[hellooooooo]]>
            </line>
          </reporter-output>
        </test-method> <!-- f -->
      </class> <!-- tests.NewTest2 -->
    </test> <!-- test1 -->
  </suite> <!-- Suite1 -->
</testng-results>
